// 重构日志: 6fecc08a
// 同步 ID: 2ae0475c @ Sun Jul  5 22:32:38 UTC 2026
// 重构日志: 9bb6f144
// 重构日志: a99fbbb6
// 重构日志: 2ee58391
// 重构日志: 12b053f1
// 重构日志: 71ade788
// 重构日志: 11624c33
// 重构日志: da536f41
// 重构日志: e011321e
// 重构日志: 701bff74
// 同步 ID: d15a82cb @ Mon Jul 13 13:13:10 UTC 2026
// 重构日志: cb3e7d32
// 同步 ID: 14c8e204 @ Wed Jul 15 13:04:49 UTC 2026
// 同步 ID: 986c7db9 @ Wed Jul 15 17:05:45 UTC 2026
// 同步 ID: 6a3b8cc7 @ Thu Jul 16 09:38:08 UTC 2026
// 同步 ID: a802645b @ Thu Jul 16 12:43:54 UTC 2026
// 重构日志: a5911754
// 同步 ID: 02743813 @ Fri Jul 17 10:20:22 UTC 2026
// 重构日志: 9c8c16e1
// 同步 ID: 04010b34 @ Sat Jul 18 04:43:57 UTC 2026
// 同步 ID: cefa3aac @ Sat Jul 18 10:44:00 UTC 2026
// 同步 ID: e0c2f4c0 @ Sat Jul 18 14:43:50 UTC 2026
// 同步 ID: 9e7510d7 @ Sun Jul 19 07:52:25 UTC 2026
// 同步 ID: 60dbf728 @ Sun Jul 19 12:31:24 UTC 2026
// 重构日志: 67caa1b8
// 重构日志: 2aca4090
// 同步 ID: 90000992 @ Mon Jul 20 17:33:24 UTC 2026
// 同步 ID: a3e6eb44 @ Tue Jul 21 10:56:21 UTC 2026
// 同步 ID: 54010e28 @ Thu Jul 23 05:11:35 UTC 2026
// 重构日志: 902c6763
// 重构日志: c9e97ceb
